2025-10-07 15:03:51,426 - [INFO]: Succesfully called ifconfig.io
2025-10-07 15:03:51,426 - [INFO]: Succesfully called ifconfig.io
2025-10-07 15:20:00,760 - [ERROR]: HTTPSConnectionPool(host='ifconfig.c', port=443): Max retries exceeded with url: / (Caused by NameResolutionError("<urllib3.connection.HTTPSConnection object at 0x00000265EA6FFE90>: Failed to resolve 'ifconfig.c' ([Errno 11001] getaddrinfo failed)"))
2025-10-07 15:20:00,760 - [ERROR]: HTTPSConnectionPool(host='ifconfig.c', port=443): Max retries exceeded with url: / (Caused by NameResolutionError("<urllib3.connection.HTTPSConnection object at 0x00000265EA6FFA90>: Failed to resolve 'ifconfig.c' ([Errno 11001] getaddrinfo failed)"))
2025-10-08 15:03:51,347 - [INFO]: Succesfully called ifconfig.io
2025-10-08 15:03:51,347 - [INFO]: Succesfully called ifconfig.io
2025-10-08 15:18:27,395 - [INFO]: All timestamps executed for today
2025-10-08 15:19:02,823 - [INFO]: All timestamps executed for today
2025-10-08 15:20:13,050 - [INFO]: All timestamps executed for today
2025-10-08 15:21:08,804 - [INFO]: All timestamps executed for today
2025-10-08 15:22:24,181 - [INFO]: All timestamps executed for today
2025-10-08 15:22:41,970 - [INFO]: All timestamps executed for today
2025-10-08 15:23:39,201 - [INFO]: All timestamps executed for today
2025-10-08 15:27:06,598 - [INFO]: Next call at 17:22:00, waiting for -3968863507 seconds....
2025-10-08 15:27:51,832 - [INFO]: Next call at 17:22:00, waiting for -3968863552 seconds....
2025-10-08 15:42:44,925 - [INFO]: Next call at 17:22:00, waiting for 5956 seconds....
2025-10-08 15:46:12,915 - [ERROR]: Invalid time format: 17
2025-10-08 15:51:31,168 - [ERROR]: Invalid time format: 17
2025-10-08 15:51:31,169 - [INFO]: All timestamps executed for today
2025-10-08 15:51:55,282 - [ERROR]: Invalid time format: 17
2025-10-08 15:51:55,282 - [INFO]: All timestamps executed for today
2025-10-08 15:52:10,520 - [ERROR]: Invalid time format: 17
2025-10-08 15:52:10,520 - [INFO]: All timestamps executed for today
2025-10-08 15:52:48,434 - [ERROR]: Invalid time format: 17:22
2025-10-08 15:52:48,434 - [INFO]: All timestamps executed for today
2025-10-08 15:52:55,040 - [INFO]: Next call at 17:22:00, waiting for 5345 seconds....
2025-10-08 15:54:13,870 - [INFO]: Next call at 15:54:50, waiting for 37 seconds....
2025-10-08 15:54:50,872 - [INFO]: All timestamps executed for today
2025-10-08 15:54:51,564 - [INFO]: Succesfully called ifconfig.io
2025-10-08 15:57:15,038 - [INFO]: Next call at 15:57:30, waiting for 15 seconds....
2025-10-08 15:57:30,676 - [INFO]: Succesfully called ifconfig.io
2025-10-08 16:09:15,674 - [INFO]: Next call at 16:09:30, waiting for 15 seconds....
2025-10-08 16:09:30,677 - [INFO]: Next call at 16:09:30, waiting for 0 seconds....
2025-10-08 16:09:31,406 - [INFO]: Succesfully called ifconfig.io
2025-10-08 16:09:31,410 - [INFO]: Succesfully called ifconfig.io
2025-10-08 16:11:03,970 - [INFO]: Next call at 16:11:30, waiting for 27 seconds....
2025-10-08 16:11:30,972 - [INFO]: Next call at 16:11:30, waiting for 0 seconds....
2025-10-08 16:11:30,973 - [INFO]: Next call at 16:11:30, waiting for 0 seconds....
2025-10-08 16:11:30,973 - [INFO]: Next call at 16:11:30, waiting for 0 seconds....
2025-10-08 16:11:30,975 - [INFO]: Next call at 16:11:30, waiting for 0 seconds....
2025-10-08 16:11:30,979 - [INFO]: Next call at 16:11:30, waiting for 0 seconds....
2025-10-08 16:11:30,980 - [INFO]: Next call at 16:11:30, waiting for 0 seconds....
2025-10-08 16:11:30,981 - [INFO]: Next call at 16:11:30, waiting for 0 seconds....
2025-10-08 16:11:30,982 - [INFO]: Next call at 16:11:30, waiting for 0 seconds....
2025-10-08 16:11:30,985 - [INFO]: Next call at 16:11:30, waiting for 0 seconds....
2025-10-08 16:11:30,986 - [INFO]: Next call at 16:11:30, waiting for 0 seconds....
2025-10-08 16:11:31,911 - [INFO]: Succesfully called ifconfig.io
2025-10-08 16:11:31,928 - [INFO]: Succesfully called ifconfig.io
2025-10-08 16:11:31,934 - [INFO]: Succesfully called ifconfig.io
2025-10-08 16:11:31,935 - [INFO]: Succesfully called ifconfig.io
2025-10-08 16:11:31,935 - [INFO]: Succesfully called ifconfig.io
2025-10-08 16:11:31,939 - [INFO]: Succesfully called ifconfig.io
2025-10-08 16:11:31,940 - [INFO]: Succesfully called ifconfig.io
2025-10-08 16:11:31,943 - [INFO]: Succesfully called ifconfig.io
2025-10-08 16:11:31,946 - [INFO]: Succesfully called ifconfig.io
2025-10-08 16:11:31,963 - [INFO]: Succesfully called ifconfig.io
2025-10-08 16:11:31,965 - [INFO]: Succesfully called ifconfig.io
